<?xml version="1.0" encoding="UTF-8"?>
<testng-results ignored="0" total="1" passed="1" failed="0" skipped="0">
  <reporter-output>
  </reporter-output>
  <suite started-at="2021-06-19T16:09:51Z" name="Surefire suite" finished-at="2021-06-19T16:09:51Z" duration-ms="23">
    <groups>
    </groups>
    <test started-at="2021-06-19T16:09:51Z" name="Surefire test" finished-at="2021-06-19T16:09:51Z" duration-ms="23">
      <class name="tests.AppTest">
        <test-method signature="shouldAnswerWithTrue()" started-at="2021-06-19T16:09:51Z" name="shouldAnswerWithTrue" finished-at="2021-06-19T16:09:51Z" duration-ms="3" status="PASS">
          <reporter-output>
          </reporter-output>
        </test-method> <!-- shouldAnswerWithTrue -->
      </class> <!-- tests.AppTest -->
    </test> <!-- Surefire test -->
  </suite> <!-- Surefire suite -->
</testng-results>
