<?xml version="1.0" encoding="UTF-8"?>
<testsuite xmlns:xsi="http://www.w3.org/2001/XMLSchema-instance" xsi:noNamespaceSchemaLocation="https://maven.apache.org/surefire/maven-surefire-plugin/xsd/surefire-test-report.xsd" name="TestSuite" time="0.334" tests="11" errors="0" skipped="1" failures="1">
  <properties>
[...]
</properties>
  <testcase name="f" classname="tests.TestNg1" time="0.001"/>
  <testcase name="f" classname="tests.TestNg1" time="0"/>
  <testcase name="test1" classname="tests.TestNg1" time="0.001"/>
  <testcase name="test2" classname="tests.TestNg1" time="0"/>
  <testcase name="test3" classname="tests.TestNg1" time="0.001"/>
  <testcase name="Test4" classname="tests.TestNg2" time="0"/>
  <testcase name="Test5" classname="tests.TestNg2" time="0"/>
  <testcase name="createUser" classname="tests.TestNg3" time="0.005"/>
  <testcase name="editUser" classname="tests.TestNg3" time="0.001">
    <failure message="The following asserts failed:&#10;	verifying element expected [true] but found [false]" type="java.lang.AssertionError">java.lang.AssertionError: 
The following asserts failed:
	verifying element expected [true] but found [false]
	at tests.TestNg3.editUser(TestNg3.java:28)
</failure>
    <system-out><![CDATA[Before assertion
After assert
]]></system-out>
  </testcase>
  <testcase name="deletUser" classname="tests.TestNg3" time="0">
    <skipped message="Method TestNg3.deletUser()[pri:3, instance:tests.TestNg3@4516af24] depends on not successfully finished methods"/>
  </testcase>
  <testcase name="shouldAnswerWithTrue on shouldAnswerWithTrue(tests.AppTest)" classname="tests.AppTest" time="0.001"/>
</testsuite>